0 info it worked if it ends with ok
1 verbose cli [ 'node',
1 verbose cli   '/usr/local/bin/npm',
1 verbose cli   'install',
1 verbose cli   'grunt-contrib--imagemin',
1 verbose cli   '--save-dev' ]
2 info using npm@2.11.3
3 info using node@v0.12.4
4 verbose node symlink /usr/local/bin/node
5 verbose install initial load of /Users/quinterom/Documents/JOB/shell/grunt/package.json
6 warn package.json optimize_compile@0.0.0 No repository field.
7 warn package.json optimize_compile@0.0.0 No README data
8 warn package.json optimize_compile@0.0.0 No license field.
9 verbose installManyTop reading scoped package data from /Users/quinterom/Documents/JOB/shell/grunt/node_modules/grunt/package.json
10 verbose installManyTop reading scoped package data from /Users/quinterom/Documents/JOB/shell/grunt/node_modules/grunt-contrib-concat/package.json
11 verbose installManyTop reading scoped package data from /Users/quinterom/Documents/JOB/shell/grunt/node_modules/grunt-contrib-cssmin/package.json
12 verbose installManyTop reading scoped package data from /Users/quinterom/Documents/JOB/shell/grunt/node_modules/grunt-contrib-htmlmin/package.json
13 verbose installManyTop reading scoped package data from /Users/quinterom/Documents/JOB/shell/grunt/node_modules/grunt-contrib-imagemin/package.json
14 verbose installManyTop reading scoped package data from /Users/quinterom/Documents/JOB/shell/grunt/node_modules/grunt-contrib-less/package.json
15 verbose installManyTop reading scoped package data from /Users/quinterom/Documents/JOB/shell/grunt/node_modules/grunt-contrib-sass/package.json
16 verbose installManyTop reading scoped package data from /Users/quinterom/Documents/JOB/shell/grunt/node_modules/grunt-contrib-uglify/package.json
17 info package.json grunt@0.4.5 No license field.
18 info package.json grunt-contrib-uglify@0.9.1 No license field.
19 info package.json grunt-contrib-concat@0.5.1 No license field.
20 info package.json grunt-contrib-cssmin@0.12.3 No license field.
21 info package.json grunt-contrib-htmlmin@0.4.0 No license field.
22 info package.json grunt-contrib-imagemin@0.9.4 No license field.
23 info package.json grunt-contrib-less@1.0.1 No license field.
24 info package.json grunt-contrib-sass@0.9.2 No license field.
25 verbose readDependencies loading dependencies from /Users/quinterom/Documents/JOB/shell/grunt/package.json
26 silly cache add args [ 'grunt-contrib--imagemin', null ]
27 verbose cache add spec grunt-contrib--imagemin
28 silly cache add parsed spec { raw: 'grunt-contrib--imagemin',
28 silly cache add   scope: null,
28 silly cache add   name: 'grunt-contrib--imagemin',
28 silly cache add   rawSpec: '',
28 silly cache add   spec: '*',
28 silly cache add   type: 'range' }
29 silly addNamed grunt-contrib--imagemin@*
30 verbose addNamed "*" is a valid semver range for grunt-contrib--imagemin
31 silly addNameRange { name: 'grunt-contrib--imagemin', range: '*', hasData: false }
32 silly mapToRegistry name grunt-contrib--imagemin
33 silly mapToRegistry using default registry
34 silly mapToRegistry registry https://registry.npmjs.org/
35 silly mapToRegistry uri https://registry.npmjs.org/grunt-contrib--imagemin
36 verbose addNameRange registry:https://registry.npmjs.org/grunt-contrib--imagemin not in flight; fetching
37 verbose request uri https://registry.npmjs.org/grunt-contrib--imagemin
38 verbose request no auth needed
39 info attempt registry request try #1 at 22:50:13
40 verbose request id 689851d9ebe48980
41 http request GET https://registry.npmjs.org/grunt-contrib--imagemin
42 http 404 https://registry.npmjs.org/grunt-contrib--imagemin
43 verbose headers { server: 'CouchDB/1.5.0 (Erlang OTP/R16B03)',
43 verbose headers   'content-type': 'application/json',
43 verbose headers   'cache-control': 'max-age=0',
43 verbose headers   'content-length': '51',
43 verbose headers   'accept-ranges': 'bytes',
43 verbose headers   date: 'Thu, 09 Jul 2015 03:50:14 GMT',
43 verbose headers   via: '1.1 varnish',
43 verbose headers   age: '0',
43 verbose headers   connection: 'keep-alive',
43 verbose headers   'x-served-by': 'cache-jfk1031-JFK',
43 verbose headers   'x-cache': 'MISS',
43 verbose headers   'x-cache-hits': '0',
43 verbose headers   'x-timer': 'S1436413813.962804,VS0,VE94' }
44 silly get cb [ 404,
44 silly get   { server: 'CouchDB/1.5.0 (Erlang OTP/R16B03)',
44 silly get     'content-type': 'application/json',
44 silly get     'cache-control': 'max-age=0',
44 silly get     'content-length': '51',
44 silly get     'accept-ranges': 'bytes',
44 silly get     date: 'Thu, 09 Jul 2015 03:50:14 GMT',
44 silly get     via: '1.1 varnish',
44 silly get     age: '0',
44 silly get     connection: 'keep-alive',
44 silly get     'x-served-by': 'cache-jfk1031-JFK',
44 silly get     'x-cache': 'MISS',
44 silly get     'x-cache-hits': '0',
44 silly get     'x-timer': 'S1436413813.962804,VS0,VE94' } ]
45 verbose stack Error: 404 Not Found: grunt-contrib--imagemin
45 verbose stack     at CachingRegistryClient.<anonymous> (/usr/local/lib/node_modules/npm/node_modules/npm-registry-client/lib/request.js:245:14)
45 verbose stack     at Request._callback (/usr/local/lib/node_modules/npm/node_modules/npm-registry-client/lib/request.js:170:14)
45 verbose stack     at Request.self.callback (/usr/local/lib/node_modules/npm/node_modules/request/request.js:354:22)
45 verbose stack     at Request.emit (events.js:110:17)
45 verbose stack     at Request.<anonymous> (/usr/local/lib/node_modules/npm/node_modules/request/request.js:1207:14)
45 verbose stack     at Request.emit (events.js:129:20)
45 verbose stack     at IncomingMessage.<anonymous> (/usr/local/lib/node_modules/npm/node_modules/request/request.js:1153:12)
45 verbose stack     at IncomingMessage.emit (events.js:129:20)
45 verbose stack     at _stream_readable.js:908:16
45 verbose stack     at process._tickCallback (node.js:355:11)
46 verbose statusCode 404
47 verbose pkgid grunt-contrib--imagemin
48 verbose cwd /Users/quinterom/Documents/JOB/shell/grunt
49 error Darwin 13.4.0
50 error argv "node" "/usr/local/bin/npm" "install" "grunt-contrib--imagemin" "--save-dev"
51 error node v0.12.4
52 error npm  v2.11.3
53 error code E404
54 error 404 Not Found: grunt-contrib--imagemin
54 error 404
54 error 404 'grunt-contrib--imagemin' is not in the npm registry.
54 error 404 You should bug the author to publish it (or use the name yourself!)
54 error 404 It was specified as a dependency of 'optimize_compile'
54 error 404
54 error 404 Note that you can also install from a
54 error 404 tarball, folder, http url, or git url.
55 verbose exit [ 1, true ]
